<?xml version="1.0" encoding="utf-8"?>
<coverage line-rate="0.36119999999999997" branch-rate="0.3109" version="1.9" timestamp="1766950902" lines-covered="1384" lines-valid="3831" branches-covered="236" branches-valid="759">
  <sources>
    <source>\</source>
  </sources>
  <packages>
    <package name="SharpRacer" line-rate="0.34740000000000004" branch-rate="0.297" complexity="1213">
      <classes>
        <class name="Windows.Win32.PInvoke" filename="D:\a\SharpRacer\SharpRacer\src\libraries\SharpRacer\PInvoke.cs" line-rate="1" branch-rate="0.5" complexity="4">
          <methods>
            <method name="CreateEventAsSafeWaitHandle" signature="(System.Nullable`1&lt;Windows.Win32.Security.SECURITY_ATTRIBUTES&gt;,Windows.Win32.Foundation.BOOL,Windows.Win32.Foundation.BOOL,System.String)" line-rate="1" branch-rate="0.5" complexity="4">
              <lines>
                <line number="14" hits="2" branch="False" />
                <line number="15" hits="2" branch="True" condition-coverage="50% (1/2)">
                  <conditions>
                    <condition number="2" type="jump" coverage="50%" />
                  </conditions>
                </line>
                <line number="16" hits="2" branch="False" />
                <line number="17" hits="2" branch="False" />
                <line number="21" hits="2" branch="True" condition-coverage="50% (1/2)">
                  <conditions>
                    <condition number="34" type="jump" coverage="50%" />
                  </conditions>
                </line>
                <line number="22" hits="2" branch="False" />
                <line number="23" hits="2" branch="False" />
                <line number="24" hits="2" branch="False" />
                <line number="25" hits="2" branch="False" />
                <line number="28" hits="2" branch="False" />
                <line number="30" hits="2" branch="False" />
              </lines>
            </method>
          </methods>
          <lines>
            <line number="14" hits="2" branch="False" />
            <line number="15" hits="2" branch="True" condition-coverage="50% (1/2)">
              <conditions>
                <condition number="2" type="jump" coverage="50%" />
              </conditions>
            </line>
            <line number="16" hits="2" branch="False" />
            <line number="17" hits="2" branch="False" />
            <line number="21" hits="2" branch="True" condition-coverage="50% (1/2)">
              <conditions>
                <condition number="34" type="jump" coverage="50%" />
              </conditions>
            </line>
            <line number="22" hits="2" branch="False" />
            <line number="23" hits="2" branch="False" />
            <line number="24" hits="2" branch="False" />
            <line number="25" hits="2" branch="False" />
            <line number="28" hits="2" branch="False" />
            <line number="30" hits="2" branch="False" />
          </lines>
        </class>
        <class name="Windows.Win32.PInvoke" filename="/_/artifacts/obj/SharpRacer/debug/Microsoft.Windows.CsWin32/Microsoft.Windows.CsWin32.SourceGenerator/Windows.Win32.PInvoke.KERNEL32.dll.g.cs" line-rate="0" branch-rate="0" complexity="4">
          <methods>
            <method name="CreateEvent" signature="(System.Nullable`1&lt;Windows.Win32.Security.SECURITY_ATTRIBUTES&gt;,Windows.Win32.Foundation.BOOL,Windows.Win32.Foundation.BOOL,System.String)" line-rate="0" branch-rate="0" complexity="4">
              <lines>
                <line number="45" hits="0" branch="False" />
                <line number="46" hits="0" branch="True" condition-coverage="0% (0/2)">
                  <conditions>
                    <condition number="2" type="jump" coverage="0%" />
                  </conditions>
                </line>
                <line number="47" hits="0" branch="False" />
                <line number="48" hits="0" branch="False" />
                <line number="49" hits="0" branch="True" condition-coverage="0% (0/2)">
                  <conditions>
                    <condition number="34" type="jump" coverage="0%" />
                  </conditions>
                </line>
                <line number="50" hits="0" branch="False" />
                <line number="52" hits="0" branch="False" />
              </lines>
            </method>
          </methods>
          <lines>
            <line number="45" hits="0" branch="False" />
            <line number="46" hits="0" branch="True" condition-coverage="0% (0/2)">
              <conditions>
                <condition number="2" type="jump" coverage="0%" />
              </conditions>
            </line>
            <line number="47" hits="0" branch="False" />
            <line number="48" hits="0" branch="False" />
            <line number="49" hits="0" branch="True" condition-coverage="0% (0/2)">
              <conditions>
                <condition number="34" type="jump" coverage="0%" />
              </conditions>
            </line>
            <line number="50" hits="0" branch="False" />
            <line number="52" hits="0" branch="False" />
          </lines>
        </class>
        <class name="Windows.Win32.PInvoke" filename="/_/artifacts/obj/SharpRacer/debug/Microsoft.Windows.CsWin32/Microsoft.Windows.CsWin32.SourceGenerator/Windows.Win32.PInvoke.USER32.dll.g.cs" line-rate="0" branch-rate="0" complexity="2">
          <methods>
            <method name="RegisterWindowMessage" signature="(System.String)" line-rate="0" branch-rate="0" complexity="2">
              <lines>
                <line number="59" hits="0" branch="False" />
                <line number="60" hits="0" branch="True" condition-coverage="0% (0/2)">
                  <conditions>
                    <condition number="2" type="jump" coverage="0%" />
                  </conditions>
                </line>
                <line number="61" hits="0" branch="False" />
                <line number="62" hits="0" branch="False" />
                <line number="63" hits="0" branch="False" />
                <line number="65" hits="0" branch="False" />
              </lines>
            </method>
          </methods>
          <lines>
            <line number="59" hits="0" branch="False" />
            <line number="60" hits="0" branch="True" condition-coverage="0% (0/2)">
              <conditions>
                <condition number="2" type="jump" coverage="0%" />
              </conditions>
            </line>
            <line number="61" hits="0" branch="False" />
            <line number="62" hits="0" branch="False" />
            <line number="63" hits="0" branch="False" />
            <line number="65" hits="0" branch="False" />
          </lines>
        </class>
        <class name="Windows.Win32.Foundation.BOOL" filename="/_/artifacts/obj/SharpRacer/debug/Microsoft.Windows.CsWin32/Microsoft.Windows.CsWin32.SourceGenerator/Windows.Win32.BOOL.g.cs" line-rate="0.1666" branch-rate="0.5" complexity="14">
          <methods>
            <method name="op_Implicit" signature="(Windows.Win32.Foundation.BOOL)" line-rate="0" branch-rate="1" complexity="1">
              <lines>
                <line number="31" hits="0" branch="False" />
              </lines>
            </method>
            <method name="op_Explicit" signature="(System.Int32)" line-rate="0" branch-rate="1" complexity="1">
              <lines>
                <line number="33" hits="0" branch="False" />
              </lines>
            </method>
            <method name="op_Equality" signature="(Windows.Win32.Foundation.BOOL,Windows.Win32.Foundation.BOOL)" line-rate="0" branch-rate="1" complexity="1">
              <lines>
                <line number="35" hits="0" branch="False" />
              </lines>
            </method>
            <method name="op_Inequality" signature="(Windows.Win32.Foundation.BOOL,Windows.Win32.Foundation.BOOL)" line-rate="0" branch-rate="1" complexity="1">
              <lines>
                <line number="37" hits="0" branch="False" />
              </lines>
            </method>
            <method name="Equals" signature="(Windows.Win32.Foundation.BOOL)" line-rate="0" branch-rate="1" complexity="1">
              <lines>
                <line number="39" hits="0" branch="False" />
              </lines>
            </method>
            <method name="Equals" signature="(System.Object)" line-rate="0" branch-rate="0" complexity="2">
              <lines>
                <line number="41" hits="0" branch="True" condition-coverage="0% (0/2)">
                  <conditions>
                    <condition number="6" type="jump" coverage="0%" />
                  </conditions>
                </line>
              </lines>
            </method>
            <method name="GetHashCode" signature="()" line-rate="0" branch-rate="1" complexity="1">
              <lines>
                <line number="43" hits="0" branch="False" />
              </lines>
            </method>
            <method name="ToString" signature="()" line-rate="0" branch-rate="1" complexity="1">
              <lines>
                <line number="45" hits="0" branch="False" />
              </lines>
            </method>
            <method name="op_Implicit" signature="(Windows.Win32.Foundation.BOOL)" line-rate="0" branch-rate="1" complexity="1">
              <lines>
                <line number="49" hits="0" branch="False" />
              </lines>
            </method>
            <method name="op_Implicit" signature="(System.Boolean)" line-rate="1" branch-rate="1" complexity="1">
              <lines>
                <line number="51" hits="4" branch="False" />
              </lines>
            </method>
            <method name=".ctor" signature="(System.Int32)" line-rate="0" branch-rate="1" complexity="1">
              <lines>
                <line number="29" hits="0" branch="False" />
              </lines>
            </method>
            <method name=".ctor" signature="(System.Boolean)" line-rate="1" branch-rate="1" complexity="2">
              <lines>
                <line number="47" hits="4" branch="True" condition-coverage="100% (2/2)">
                  <conditions>
                    <condition number="2" type="jump" coverage="100%" />
                  </conditions>
                </line>
              </lines>
            </method>
          </methods>
          <lines>
            <line number="31" hits="0" branch="False" />
            <line number="33" hits="0" branch="False" />
            <line number="35" hits="0" branch="False" />
            <line number="37" hits="0" branch="False" />
            <line number="39" hits="0" branch="False" />
            <line number="41" hits="0" branch="True" condition-coverage="0% (0/2)">
              <conditions>
                <condition number="6" type="jump" coverage="0%" />
              </conditions>
            </line>
            <line number="43" hits="0" branch="False" />
            <line number="45" hits="0" branch="False" />
            <line number="49" hits="0" branch="False" />
            <line number="51" hits="4" branch="False" />
            <line number="29" hits="0" branch="False" />
            <line number="47" hits="4" branch="True" condition-coverage="100% (2/2)">
              <conditions>
                <condition number="2" type="jump" coverage="100%" />
              </conditions>
            </line>
          </lines>
        </class>
        <class name="Windows.Win32.Foundation.HANDLE" filename="/_/artifacts/obj/SharpRacer/debug/Microsoft.Windows.CsWin32/Microsoft.Windows.CsWin32.SourceGenerator/Windows.Win32.HANDLE.g.cs" line-rate="0.0909" branch-rate="0" complexity="12">
          <methods>
            <method name="get_Null" signature="()" line-rate="0" branch-rate="1" complexity="1">
              <lines>
                <line number="31" hits="0" branch="False" />
              </lines>
            </method>
            <method name="get_IsNull" signature="()" line-rate="0" branch-rate="1" complexity="1">
              <lines>
                <line number="33" hits="0" branch="False" />
              </lines>
            </method>
            <method name="op_Implicit" signature="(Windows.Win32.Foundation.HANDLE)" line-rate="1" branch-rate="1" complexity="1">
              <lines>
                <line number="35" hits="2" branch="False" />
              </lines>
            </method>
            <method name="op_Explicit" signature="(System.IntPtr)" line-rate="0" branch-rate="1" complexity="1">
              <lines>
                <line number="37" hits="0" branch="False" />
              </lines>
            </method>
            <method name="op_Equality" signature="(Windows.Win32.Foundation.HANDLE,Windows.Win32.Foundation.HANDLE)" line-rate="0" branch-rate="1" complexity="1">
              <lines>
                <line number="39" hits="0" branch="False" />
              </lines>
            </method>
            <method name="op_Inequality" signature="(Windows.Win32.Foundation.HANDLE,Windows.Win32.Foundation.HANDLE)" line-rate="0" branch-rate="1" complexity="1">
              <lines>
                <line number="41" hits="0" branch="False" />
              </lines>
            </method>
            <method name="Equals" signature="(Windows.Win32.Foundation.HANDLE)" line-rate="0" branch-rate="1" complexity="1">
              <lines>
                <line number="43" hits="0" branch="False" />
              </lines>
            </method>
            <method name="Equals" signature="(System.Object)" line-rate="0" branch-rate="0" complexity="2">
              <lines>
                <line number="45" hits="0" branch="True" condition-coverage="0% (0/2)">
                  <conditions>
                    <condition number="6" type="jump" coverage="0%" />
                  </conditions>
                </line>
              </lines>
            </method>
            <method name="GetHashCode" signature="()" line-rate="0" branch-rate="1" complexity="1">
              <lines>
                <line number="47" hits="0" branch="False" />
              </lines>
            </method>
            <method name="ToString" signature="()" line-rate="0" branch-rate="1" complexity="1">
              <lines>
                <line number="49" hits="0" branch="False" />
              </lines>
            </method>
            <method name=".ctor" signature="(System.IntPtr)" line-rate="0" branch-rate="1" complexity="1">
              <lines>
                <line number="29" hits="0" branch="False" />
              </lines>
            </method>
          </methods>
          <lines>
            <line number="31" hits="0" branch="False" />
            <line number="33" hits="0" branch="False" />
            <line number="35" hits="2" branch="False" />
            <line number="37" hits="0" branch="False" />
            <line number="39" hits="0" branch="False" />
            <line number="41" hits="0" branch="False" />
            <line number="43" hits="0" branch="False" />
            <line number="45" hits="0" branch="True" condition-coverage="0% (0/2)">
              <conditions>
                <condition number="6" type="jump" coverage="0%" />
              </conditions>
            </line>
            <line number="47" hits="0" branch="False" />
            <line number="49" hits="0" branch="False" />
            <line number="29" hits="0" branch="False" />
          </lines>
        </class>
        <class name="Windows.Win32.Foundation.HWND" filename="/_/artifacts/obj/SharpRacer/debug/Microsoft.Windows.CsWin32/Microsoft.Windows.CsWin32.SourceGenerator/Windows.Win32.HWND.g.cs" line-rate="0" branch-rate="0" complexity="13">
          <methods>
            <method name="get_Null" signature="()" line-rate="0" branch-rate="1" complexity="1">
              <lines>
                <line number="31" hits="0" branch="False" />
              </lines>
            </method>
            <method name="get_IsNull" signature="()" line-rate="0" branch-rate="1" complexity="1">
              <lines>
                <line number="33" hits="0" branch="False" />
              </lines>
            </method>
            <method name="op_Implicit" signature="(Windows.Win32.Foundation.HWND)" line-rate="0" branch-rate="1" complexity="1">
              <lines>
                <line number="35" hits="0" branch="False" />
              </lines>
            </method>
            <method name="op_Explicit" signature="(System.IntPtr)" line-rate="0" branch-rate="1" complexity="1">
              <lines>
                <line number="37" hits="0" branch="False" />
              </lines>
            </method>
            <method name="op_Equality" signature="(Windows.Win32.Foundation.HWND,Windows.Win32.Foundation.HWND)" line-rate="0" branch-rate="1" complexity="1">
              <lines>
                <line number="39" hits="0" branch="False" />
              </lines>
            </method>
            <method name="op_Inequality" signature="(Windows.Win32.Foundation.HWND,Windows.Win32.Foundation.HWND)" line-rate="0" branch-rate="1" complexity="1">
              <lines>
                <line number="41" hits="0" branch="False" />
              </lines>
            </method>
            <method name="Equals" signature="(Windows.Win32.Foundation.HWND)" line-rate="0" branch-rate="1" complexity="1">
              <lines>
                <line number="43" hits="0" branch="False" />
              </lines>
            </method>
            <method name="Equals" signature="(System.Object)" line-rate="0" branch-rate="0" complexity="2">
              <lines>
                <line number="45" hits="0" branch="True" condition-coverage="0% (0/2)">
                  <conditions>
                    <condition number="6" type="jump" coverage="0%" />
                  </conditions>
                </line>
              </lines>
            </method>
            <method name="GetHashCode" signature="()" line-rate="0" branch-rate="1" complexity="1">
              <lines>
                <line number="47" hits="0" branch="False" />
              </lines>
            </method>
            <method name="ToString" signature="()" line-rate="0" branch-rate="1" complexity="1">
              <lines>
                <line number="49" hits="0" branch="False" />
              </lines>
            </method>
            <method name="op_Implicit" signature="(Windows.Win32.Foundation.HWND)" line-rate="0" branch-rate="1" complexity="1">
              <lines>
                <line number="51" hits="0" branch="False" />
              </lines>
            </method>
            <method name=".ctor" signature="(System.IntPtr)" line-rate="0" branch-rate="1" complexity="1">
              <lines>
                <line number="29" hits="0" branch="False" />
              </lines>
            </method>
          </methods>
          <lines>
            <line number="31" hits="0" branch="False" />
            <line number="33" hits="0" branch="False" />
            <line number="35" hits="0" branch="False" />
            <line number="37" hits="0" branch="False" />
            <line number="39" hits="0" branch="False" />
            <line number="41" hits="0" branch="False" />
            <line number="43" hits="0" branch="False" />
            <line number="45" hits="0" branch="True" condition-coverage="0% (0/2)">
              <conditions>
                <condition number="6" type="jump" coverage="0%" />
              </conditions>
            </line>
            <line number="47" hits="0" branch="False" />
            <line number="49" hits="0" branch="False" />
            <line number="51" hits="0" branch="False" />
            <line number="29" hits="0" branch="False" />
          </lines>
        </class>
        <class name="Windows.Win32.Foundation.LPARAM" filename="/_/artifacts/obj/SharpRacer/debug/Microsoft.Windows.CsWin32/Microsoft.Windows.CsWin32.SourceGenerator/Windows.Win32.LPARAM.g.cs" line-rate="0" branch-rate="0" complexity="10">
          <methods>
            <method name="op_Implicit" signature="(Windows.Win32.Foundation.LPARAM)" line-rate="0" branch-rate="1" complexity="1">
              <lines>
                <line number="31" hits="0" branch="False" />
              </lines>
            </method>
            <method name="op_Implicit" signature="(System.IntPtr)" line-rate="0" branch-rate="1" complexity="1">
              <lines>
                <line number="33" hits="0" branch="False" />
              </lines>
            </method>
            <method name="op_Equality" signature="(Windows.Win32.Foundation.LPARAM,Windows.Win32.Foundation.LPARAM)" line-rate="0" branch-rate="1" complexity="1">
              <lines>
                <line number="35" hits="0" branch="False" />
              </lines>
            </method>
            <method name="op_Inequality" signature="(Windows.Win32.Foundation.LPARAM,Windows.Win32.Foundation.LPARAM)" line-rate="0" branch-rate="1" complexity="1">
              <lines>
                <line number="37" hits="0" branch="False" />
              </lines>
            </method>
            <method name="Equals" signature="(Windows.Win32.Foundation.LPARAM)" line-rate="0" branch-rate="1" complexity="1">
              <lines>
                <line number="39" hits="0" branch="False" />
              </lines>
            </method>
            <method name="Equals" signature="(System.Object)" line-rate="0" branch-rate="0" complexity="2">
              <lines>
                <line number="41" hits="0" branch="True" condition-coverage="0% (0/2)">
                  <conditions>
                    <condition number="6" type="jump" coverage="0%" />
                  </conditions>
                </line>
              </lines>
            </method>
            <method name="GetHashCode" signature="()" line-rate="0" branch-rate="1" complexity="1">
              <lines>
                <line number="43" hits="0" branch="False" />
              </lines>
            </method>
            <method name="ToString" signature="()" line-rate="0" branch-rate="1" complexity="1">
              <lines>
                <line number="45" hits="0" branch="False" />
              </lines>
            </method>
            <method name=".ctor" signature="(System.IntPtr)" line-rate="0" branch-rate="1" complexity="1">
              <lines>
                <line number="29" hits="0" branch="False" />
              </lines>
            </method>
          </methods>
          <lines>
            <line number="31" hits="0" branch="False" />
            <line number="33" hits="0" branch="False" />
            <line number="35" hits="0" branch="False" />
            <line number="37" hits="0" branch="False" />
            <line number="39" hits="0" branch="False" />
            <line number="41" hits="0" branch="True" condition-coverage="0% (0/2)">
              <conditions>
                <condition number="6" type="jump" coverage="0%" />
              </conditions>
            </line>
            <line number="43" hits="0" branch="False" />
            <line number="45" hits="0" branch="False" />
            <line number="29" hits="0" branch="False" />
          </lines>
        </class>
        <class name="Windows.Win32.Foundation.PCWSTR" filename="/_/artifacts/obj/SharpRacer/debug/Microsoft.Windows.CsWin32/Microsoft.Windows.CsWin32.SourceGenerator/Windows.Win32.PCWSTR.g.cs" line-rate="0.1176" branch-rate="0" complexity="16">
          <methods>
            <method name="op_Explicit" signature="(Windows.Win32.Foundation.PCWSTR)" line-rate="0" branch-rate="1" complexity="1">
              <lines>
                <line number="36" hits="0" branch="False" />
              </lines>
            </method>
            <method name="op_Implicit" signature="(System.Char*)" line-rate="1" branch-rate="1" complexity="1">
              <lines>
                <line number="38" hits="2" branch="False" />
              </lines>
            </method>
            <method name="Equals" signature="(Windows.Win32.Foundation.PCWSTR)" line-rate="0" branch-rate="1" complexity="1">
              <lines>
                <line number="40" hits="0" branch="False" />
              </lines>
            </method>
            <method name="Equals" signature="(System.Object)" line-rate="0" branch-rate="0" complexity="2">
              <lines>
                <line number="42" hits="0" branch="True" condition-coverage="0% (0/2)">
                  <conditions>
                    <condition number="6" type="jump" coverage="0%" />
                  </conditions>
                </line>
              </lines>
            </method>
            <method name="GetHashCode" signature="()" line-rate="0" branch-rate="1" complexity="1">
              <lines>
                <line number="44" hits="0" branch="False" />
              </lines>
            </method>
            <method name="get_Length" signature="()" line-rate="0" branch-rate="0" complexity="4">
              <lines>
                <line number="53" hits="0" branch="False" />
                <line number="54" hits="0" branch="False" />
                <line number="55" hits="0" branch="True" condition-coverage="0% (0/2)">
                  <conditions>
                    <condition number="15" type="jump" coverage="0%" />
                  </conditions>
                </line>
                <line number="56" hits="0" branch="False" />
                <line number="57" hits="0" branch="True" condition-coverage="0% (0/2)">
                  <conditions>
                    <condition number="34" type="jump" coverage="0%" />
                  </conditions>
                </line>
                <line number="58" hits="0" branch="False" />
                <line number="59" hits="0" branch="False" />
                <line number="60" hits="0" branch="False" />
              </lines>
            </method>
            <method name="ToString" signature="()" line-rate="0" branch-rate="0" complexity="2">
              <lines>
                <line number="68" hits="0" branch="True" condition-coverage="0% (0/2)">
                  <conditions>
                    <condition number="8" type="jump" coverage="0%" />
                  </conditions>
                </line>
              </lines>
            </method>
            <method name="AsSpan" signature="()" line-rate="0" branch-rate="0" complexity="2">
              <lines>
                <line number="74" hits="0" branch="True" condition-coverage="0% (0/2)">
                  <conditions>
                    <condition number="8" type="jump" coverage="0%" />
                  </conditions>
                </line>
              </lines>
            </method>
            <method name="get_DebuggerDisplay" signature="()" line-rate="0" branch-rate="1" complexity="1">
              <lines>
                <line number="77" hits="0" branch="False" />
              </lines>
            </method>
            <method name=".ctor" signature="(System.Char*)" line-rate="1" branch-rate="1" complexity="1">
              <lines>
                <line number="34" hits="2" branch="False" />
              </lines>
            </method>
          </methods>
          <lines>
            <line number="36" hits="0" branch="False" />
            <line number="38" hits="2" branch="False" />
            <line number="40" hits="0" branch="False" />
            <line number="42" hits="0" branch="True" condition-coverage="0% (0/2)">
              <conditions>
                <condition number="6" type="jump" coverage="0%" />
              </conditions>
            </line>
            <line number="44" hits="0" branch="False" />
            <line number="53" hits="0" branch="False" />
            <line number="54" hits="0" branch="False" />
            <line number="55" hits="0" branch="True" condition-coverage="0% (0/2)">
              <conditions>
                <condition number="15" type="jump" coverage="0%" />
              </conditions>
            </line>
            <line number="56" hits="0" branch="False" />
            <line number="57" hits="0" branch="True" condition-coverage="0% (0/2)">
              <conditions>
                <condition number="34" type="jump" coverage="0%" />
              </conditions>
            </line>
            <line number="58" hits="0" branch="False" />
            <line number="59" hits="0" branch="False" />
            <line number="60" hits="0" branch="False" />
            <line number="68" hits="0" branch="True" condition-coverage="0% (0/2)">
              <conditions>
                <condition number="8" type="jump" coverage="0%" />
              </conditions>
            </line>
            <line number="74" hits="0" branch="True" condition-coverage="0% (0/2)">
              <conditions>
                <condition number="8" type="jump" coverage="0%" />
              </conditions>
            </line>
            <line number="77" hits="0" branch="False" />
            <line number="34" hits="2" branch="False" />
          </lines>
        </class>
        <class name="Windows.Win32.Foundation.WPARAM" filename="/_/artifacts/obj/SharpRacer/debug/Microsoft.Windows.CsWin32/Microsoft.Windows.CsWin32.SourceGenerator/Windows.Win32.WPARAM.g.cs" line-rate="0" branch-rate="0" complexity="10">
          <methods>
            <method name="op_Implicit" signature="(Windows.Win32.Foundation.WPARAM)" line-rate="0" branch-rate="1" complexity="1">
              <lines>
                <line number="31" hits="0" branch="False" />
              </lines>
            </method>
            <method name="op_Implicit" signature="(System.UIntPtr)" line-rate="0" branch-rate="1" complexity="1">
              <lines>
                <line number="33" hits="0" branch="False" />
              </lines>
            </method>
            <method name="op_Equality" signature="(Windows.Win32.Foundation.WPARAM,Windows.Win32.Foundation.WPARAM)" line-rate="0" branch-rate="1" complexity="1">
              <lines>
                <line number="35" hits="0" branch="False" />
              </lines>
            </method>
            <method name="op_Inequality" signature="(Windows.Win32.Foundation.WPARAM,Windows.Win32.Foundation.WPARAM)" line-rate="0" branch-rate="1" complexity="1">
              <lines>
                <line number="37" hits="0" branch="False" />
              </lines>
            </method>
            <method name="Equals" signature="(Windows.Win32.Foundation.WPARAM)" line-rate="0" branch-rate="1" complexity="1">
              <lines>
                <line number="39" hits="0" branch="False" />
              </lines>
            </method>
            <method name="Equals" signature="(System.Object)" line-rate="0" branch-rate="0" complexity="2">
              <lines>
                <line number="41" hits="0" branch="True" condition-coverage="0% (0/2)">
                  <conditions>
                    <condition number="6" type="jump" coverage="0%" />
                  </conditions>
                </line>
              </lines>
            </method>
            <method name="GetHashCode" signature="()" line-rate="0" branch-rate="1" complexity="1">
              <lines>
                <line number="43" hits="0" branch="False" />
              </lines>
            </method>
            <method name="ToString" signature="()" line-rate="0" branch-rate="1" complexity="1">
              <lines>
                <line number="45" hits="0" branch="False" />
              </lines>
            </method>
            <method name=".ctor" signature="(System.UIntPtr)" line-rate="0" branch-rate="1" complexity="1">
              <lines>
                <line number="29" hits="0" branch="False" />
              </lines>
            </method>
          </methods>
          <lines>
            <line number="31" hits="0" branch="False" />
            <line number="33" hits="0" branch="False" />
            <line number="35" hits="0" branch="False" />
            <line number="37" hits="0" branch="False" />
            <line number="39" hits="0" branch="False" />
            <line number="41" hits="0" branch="True" condition-coverage="0% (0/2)">
              <conditions>
                <condition number="6" type="jump" coverage="0%" />
              </conditions>
            </line>
            <line number="43" hits="0" branch="False" />
            <line number="45" hits="0" branch="False" />
            <line number="29" hits="0" branch="False" />
          </lines>
        </class>
        <class name="SharpRacer.ContentVersion" filename="D:\a\SharpRacer\SharpRacer\src\libraries\SharpRacer\ContentVersion.cs" line-rate="0" branch-rate="0" complexity="49">
          <methods>
            <method name="get_Major" signature="()" line-rate="0" branch-rate="1" complexity="1">
              <lines>
                <line number="34" hits="0" branch="False" />
              </lines>
            </method>
            <method name="get_Minor" signature="()" line-rate="0" branch-rate="1" complexity="1">
              <lines>
                <line number="39" hits="0" branch="False" />
              </lines>
            </method>
            <method name="get_Build" signature="()" line-rate="0" branch-rate="1" complexity="1">
              <lines>
                <line number="44" hits="0" branch="False" />
              </lines>
            </method>
            <method name="get_Patch" signature="()" line-rate="0" branch-rate="1" complexity="1">
              <lines>
                <line number="49" hits="0" branch="False" />
              </lines>
            </method>
            <method name="CompareTo" signature="(SharpRacer.ContentVersion)" line-rate="0" branch-rate="0" complexity="6">
              <lines>
                <line number="63" hits="0" branch="False" />
                <line number="64" hits="0" branch="True" condition-coverage="0% (0/2)">
                  <conditions>
                    <condition number="21" type="jump" coverage="0%" />
                  </conditions>
                </line>
                <line number="65" hits="0" branch="False" />
                <line number="66" hits="0" branch="False" />
                <line number="69" hits="0" branch="True" condition-coverage="0% (0/2)">
                  <conditions>
                    <condition number="68" type="jump" coverage="0%" />
                  </conditions>
                </line>
                <line number="70" hits="0" branch="False" />
                <line number="71" hits="0" branch="False" />
                <line number="74" hits="0" branch="True" condition-coverage="0% (0/2)">
                  <conditions>
                    <condition number="117" type="jump" coverage="0%" />
                  </conditions>
                </line>
                <line number="75" hits="0" branch="False" />
                <line number="76" hits="0" branch="False" />
                <line number="79" hits="0" branch="False" />
                <line number="80" hits="0" branch="False" />
              </lines>
            </method>
            <method name="Equals" signature="(System.Object)" line-rate="0" branch-rate="0" complexity="2">
              <lines>
                <line number="90" hits="0" branch="False" />
                <line number="91" hits="0" branch="True" condition-coverage="0% (0/2)">
                  <conditions>
                    <condition number="7" type="jump" coverage="0%" />
                  </conditions>
                </line>
                <line number="92" hits="0" branch="False" />
              </lines>
            </method>
            <method name="Equals" signature="(SharpRacer.ContentVersion)" line-rate="0" branch-rate="0" complexity="6">
              <lines>
                <line number="103" hits="0" branch="False" />
                <line number="104" hits="0" branch="True" condition-coverage="0% (0/6)">
                  <conditions>
                    <condition number="14" type="jump" coverage="0%" />
                    <condition number="29" type="jump" coverage="0%" />
                    <condition number="44" type="jump" coverage="0%" />
                  </conditions>
                </line>
                <line number="105" hits="0" branch="False" />
              </lines>
            </method>
            <method name="GetHashCode" signature="()" line-rate="0" branch-rate="1" complexity="1">
              <lines>
                <line number="112" hits="0" branch="False" />
                <line number="113" hits="0" branch="False" />
                <line number="114" hits="0" branch="False" />
              </lines>
            </method>
            <method name="ToString" signature="()" line-rate="0" branch-rate="1" complexity="1">
              <lines>
                <line number="121" hits="0" branch="False" />
                <line number="122" hits="0" branch="False" />
                <line number="123" hits="0" branch="False" />
              </lines>
            </method>
            <method name="Parse" signature="(System.String,System.IFormatProvider)" line-rate="0" branch-rate="0" complexity="10">
              <lines>
                <line number="133" hits="0" branch="False" />
                <line number="134" hits="0" branch="False" />
                <line number="136" hits="0" branch="False" />
                <line number="138" hits="0" branch="True" condition-coverage="0% (0/2)">
                  <conditions>
                    <condition number="36" type="jump" coverage="0%" />
                  </conditions>
                </line>
                <line number="139" hits="0" branch="False" />
                <line number="140" hits="0" branch="False" />
                <line number="143" hits="0" branch="True" condition-coverage="0% (0/2)">
                  <conditions>
                    <condition number="78" type="jump" coverage="0%" />
                  </conditions>
                </line>
                <line number="144" hits="0" branch="False" />
                <line number="145" hits="0" branch="False" />
                <line number="148" hits="0" branch="True" condition-coverage="0% (0/2)">
                  <conditions>
                    <condition number="122" type="jump" coverage="0%" />
                  </conditions>
                </line>
                <line number="149" hits="0" branch="False" />
                <line number="150" hits="0" branch="False" />
                <line number="153" hits="0" branch="True" condition-coverage="0% (0/2)">
                  <conditions>
                    <condition number="166" type="jump" coverage="0%" />
                  </conditions>
                </line>
                <line number="154" hits="0" branch="False" />
                <line number="155" hits="0" branch="False" />
                <line number="158" hits="0" branch="True" condition-coverage="0% (0/2)">
                  <conditions>
                    <condition number="210" type="jump" coverage="0%" />
                  </conditions>
                </line>
                <line number="159" hits="0" branch="False" />
                <line number="160" hits="0" branch="False" />
                <line number="163" hits="0" branch="False" />
                <line number="164" hits="0" branch="False" />
              </lines>
            </method>
            <method name="TryParse" signature="(System.String,System.IFormatProvider,SharpRacer.ContentVersion&amp;)" line-rate="0" branch-rate="0" complexity="12">
              <lines>
                <line number="179" hits="0" branch="False" />
                <line number="180" hits="0" branch="False" />
                <line number="182" hits="0" branch="True" condition-coverage="0% (0/2)">
                  <conditions>
                    <condition number="18" type="jump" coverage="0%" />
                  </conditions>
                </line>
                <line number="183" hits="0" branch="False" />
                <line number="184" hits="0" branch="False" />
                <line number="187" hits="0" branch="False" />
                <line number="189" hits="0" branch="True" condition-coverage="0% (0/2)">
                  <conditions>
                    <condition number="52" type="jump" coverage="0%" />
                  </conditions>
                </line>
                <line number="190" hits="0" branch="False" />
                <line number="191" hits="0" branch="False" />
                <line number="194" hits="0" branch="True" condition-coverage="0% (0/2)">
                  <conditions>
                    <condition number="77" type="jump" coverage="0%" />
                  </conditions>
                </line>
                <line number="195" hits="0" branch="False" />
                <line number="196" hits="0" branch="False" />
                <line number="199" hits="0" branch="True" condition-coverage="0% (0/2)">
                  <conditions>
                    <condition number="102" type="jump" coverage="0%" />
                  </conditions>
                </line>
                <line number="200" hits="0" branch="False" />
                <line number="201" hits="0" branch="False" />
                <line number="204" hits="0" branch="True" condition-coverage="0% (0/2)">
                  <conditions>
                    <condition number="127" type="jump" coverage="0%" />
                  </conditions>
                </line>
                <line number="205" hits="0" branch="False" />
                <line number="206" hits="0" branch="False" />
                <line number="209" hits="0" branch="True" condition-coverage="0% (0/2)">
                  <conditions>
                    <condition number="152" type="jump" coverage="0%" />
                  </conditions>
                </line>
                <line number="210" hits="0" branch="False" />
                <line number="211" hits="0" branch="False" />
                <line number="214" hits="0" branch="False" />
                <line number="215" hits="0" branch="False" />
                <line number="216" hits="0" branch="False" />
              </lines>
            </method>
            <method name="op_Equality" signature="(SharpRacer.ContentVersion,SharpRacer.ContentVersion)" line-rate="0" branch-rate="1" complexity="1">
              <lines>
                <line number="227" hits="0" branch="False" />
                <line number="228" hits="0" branch="False" />
                <line number="229" hits="0" branch="False" />
              </lines>
            </method>
            <method name="op_Inequality" signature="(SharpRacer.ContentVersion,SharpRacer.ContentVersion)" line-rate="0" branch-rate="1" complexity="1">
              <lines>
                <line number="240" hits="0" branch="False" />
                <line number="241" hits="0" branch="False" />
                <line number="242" hits="0" branch="False" />
              </lines>
            </method>
            <method name="op_LessThan" signature="(SharpRacer.ContentVersion,SharpRacer.ContentVersion)" line-rate="0" branch-rate="1" complexity="1">
              <lines>
                <line number="253" hits="0" branch="False" />
                <line number="254" hits="0" branch="False" />
                <line number="255" hits="0" branch="False" />
              </lines>
            </method>
            <method name="op_LessThanOrEqual" signature="(SharpRacer.ContentVersion,SharpRacer.ContentVersion)" line-rate="0" branch-rate="1" complexity="1">
              <lines>
                <line number="266" hits="0" branch="False" />
                <line number="267" hits="0" branch="False" />
                <line number="268" hits="0" branch="False" />
              </lines>
            </method>
            <method name="op_GreaterThan" signature="(SharpRacer.ContentVersion,SharpRacer.ContentVersion)" line-rate="0" branch-rate="1" complexity="1">
              <lines>
                <line number="279" hits="0" branch="False" />
                <line number="280" hits="0" branch="False" />
                <line number="281" hits="0" branch="False" />
              </lines>
            </method>
            <method name="op_GreaterThanOrEqual" signature="(SharpRacer.ContentVersion,SharpRacer.ContentVersion)" line-rate="0" branch-rate="1" complexity="1">
              <lines>
                <line number="292" hits="0" branch="False" />
                <line number="293" hits="0" branch="False" />
                <line number="294" hits="0" branch="False" />
              </lines>
            </method>
            <method name=".ctor" signature="(System.Int32,System.Int32,System.Int32,System.Int32)" line-rate="0" branch-rate="1" complexity="1">
              <lines>
                <line number="24" hits="0" branch="False" />
                <line number="25" hits="0" branch="False" />
                <line number="26" hits="0" branch="False" />
                <line number="27" hits="0" branch="False" />
                <line number="28" hits="0" branch="False" />
                <line number="29" hits="0" branch="False" />
              </lines>
            </method>
          </methods>
          <lines>
            <line number="34" hits="0" branch="False" />
            <line number="39" hits="0" branch="False" />
            <line number="44" hits="0" branch="False" />
            <line number="49" hits="0" branch="False" />
            <line number="63" hits="0" branch="False" />
            <line number="64" hits="0" branch="True" condition-coverage="0% (0/2)">
              <conditions>
                <condition number="21" type="jump" coverage="0%" />
              </conditions>
            </line>
            <line number="65" hits="0" branch="False" />
            <line number="66" hits="0" branch="False" />
            <line number="69" hits="0" branch="True" condition-coverage="0% (0/2)">
              <conditions>
                <condition number="68" type="jump" coverage="0%" />
              </conditions>
            </line>
            <line number="70" hits="0" branch="False" />
            <line number="71" hits="0" branch="False" />
            <line number="74" hits="0" branch="True" condition-coverage="0% (0/2)">
              <conditions>
                <condition number="117" type="jump" coverage="0%" />
              </conditions>
            </line>
            <line number="75" hits="0" branch="False" />
            <line number="76" hits="0" branch="False" />
            <line number="79" hits="0" branch="False" />
            <line number="80" hits="0" branch="False" />
            <line number="90" hits="0" branch="False" />
            <line number="91" hits="0" branch="True" condition-coverage="0% (0/2)">
              <conditions>
                <condition number="7" type="jump" coverage="0%" />
              </conditions>
            </line>
            <line number="92" hits="0" branch="False" />
            <line number="103" hits="0" branch="False" />
            <line number="104" hits="0" branch="True" condition-coverage="0% (0/6)">
              <conditions>
                <condition number="14" type="jump" coverage="0%" />
                <condition number="29" type="jump" coverage="0%" />
                <condition number="44" type="jump" coverage="0%" />
              </conditions>
            </line>
            <line number="105" hits="0" branch="False" />
            <line number="112" hits="0" branch="False" />
            <line number="113" hits="0" branch="False" />
            <line number="114" hits="0" branch="False" />
            <line number="121" hits="0" branch="False" />
            <line number="122" hits="0" branch="False" />
            <line number="123" hits="0" branch="False" />
            <line number="133" hits="0" branch="False" />
            <line number="134" hits="0" branch="False" />
            <line number="136" hits="0" branch="False" />
            <line number="138" hits="0" branch="True" condition-coverage="0% (0/2)">
              <conditions>
                <condition number="36" type="jump" coverage="0%" />
              </conditions>
            </line>
            <line number="139" hits="0" branch="False" />
            <line number="140" hits="0" branch="False" />
            <line number="143" hits="0" branch="True" condition-coverage="0% (0/2)">
              <conditions>
                <condition number="78" type="jump" coverage="0%" />
              </conditions>
            </line>
            <line number="144" hits="0" branch="False" />
            <line number="145" hits="0" branch="False" />
            <line number="148" hits="0" branch="True" condition-coverage="0% (0/2)">
              <conditions>
                <condition number="122" type="jump" coverage="0%" />
              </conditions>
            </line>
            <line number="149" hits="0" branch="False" />
            <line number="150" hits="0" branch="False" />
            <line number="153" hits="0" branch="True" condition-coverage="0% (0/2)">
              <conditions>
                <condition number="166" type="jump" coverage="0%" />
              </conditions>
            </line>
            <line number="154" hits="0" branch="False" />
            <line number="155" hits="0" branch="False" />
            <line number="158" hits="0" branch="True" condition-coverage="0% (0/2)">
              <conditions>
                <condition number="210" type="jump" coverage="0%" />
              </conditions>
            </line>
            <line number="159" hits="0" branch="False" />
            <line number="160" hits="0" branch="False" />
            <line number="163" hits="0" branch="False" />
            <line number="164" hits="0" branch="False" />
            <line number="179" hits="0" branch="False" />
            <line number="180" hits="0" branch="False" />
            <line number="182" hits="0" branch="True" condition-coverage="0% (0/2)">
              <conditions>
                <condition number="18" type="jump" coverage="0%" />
              </conditions>
            </line>
            <line number="183" hits="0" branch="False" />
            <line number="184" hits="0" branch="False" />
            <line number="187" hits="0" branch="False" />
            <line number="189" hits="0" branch="True" condition-coverage="0% (0/2)">
              <conditions>
                <condition number="52" type="jump" coverage="0%" />
              </conditions>
            </line>
            <line number="190" hits="0" branch="False" />
            <line number="191" hits="0" branch="False" />
            <line number="194" hits="0" branch="True" condition-coverage="0% (0/2)">
              <conditions>
                <condition number="77" type="jump" coverage="0%" />
              </conditions>
            </line>
            <line number="195" hits="0" branch="False" />
            <line number="196" hits="0" branch="False" />
            <line number="199" hits="0" branch="True" condition-coverage="0% (0/2)">
              <conditions>
                <condition number="102" type="jump" coverage="0%" />
              </conditions>
            </line>
            <line number="200" hits="0" branch="False" />
            <line number="201" hits="0" branch="False" />
            <line number="204" hits="0" branch="True" condition-coverage="0% (0/2)">
              <conditions>
                <condition number="127" type="jump" coverage="0%" />
              </conditions>
            </line>
            <line number="205" hits="0" branch="False" />
            <line number="206" hits="0" branch="False" />
            <line number="209" hits="0" branch="True" condition-coverage="0% (0/2)">
              <conditions>
                <condition number="152" type="jump" coverage="0%" />
              </conditions>
            </line>
            <line number="210" hits="0" branch="False" />
            <line number="211" hits="0" branch="False" />
            <line number="214" hits="0" branch="False" />
            <line number="215" hits="0" branch="False" />
            <line number="216" hits="0" branch="False" />
            <line number="227" hits="0" branch="False" />
            <line number="228" hits="0" branch="False" />
            <line number="229" hits="0" branch="False" />
            <line number="240" hits="0" branch="False" />
            <line number="241" hits="0" branch="False" />
            <line number="242" hits="0" branch="False" />
            <line number="253" hits="0" branch="False" />
            <line number="254" hits="0" branch="False" />
            <line number="255" hits="0" branch="False" />
            <line number="266" hits="0" branch="False" />
            <line number="267" hits="0" branch="False" />
            <line number="268" hits="0" branch="False" />
            <line number="279" hits="0" branch="False" />
            <line number="280" hits="0" branch="False" />
            <line number="281" hits="0" branch="False" />
            <line number="292" hits="0" branch="False" />
            <line number="293" hits="0" branch="False" />
            <line number="294" hits="0" branch="False" />
            <line number="24" hits="0" branch="False" />
            <line number="25" hits="0" branch="False" />
            <line number="26" hits="0" branch="False" />
            <line number="27" hits="0" branch="False" />
            <line number="28" hits="0" branch="False" />
            <line number="29" hits="0" branch="False" />
          </lines>
        </class>
        <class name="SharpRacer.SimulatorConnection" filename="D:\a\SharpRacer\SharpRacer\src\libraries\SharpRacer\SimulatorConnection.cs" line-rate="1" branch-rate="1" complexity="56">
          <methods>
            <method name="get_CanRead" signature="()" line-rate="1" branch-rate="1" complexity="1">
              <lines>
                <line number="52" hits="2" branch="False" />
              </lines>
            </method>
            <method name="get_Variables" signature="()" line-rate="1" branch-rate="1" complexity="1">
              <lines>
                <line number="56" hits="2" branch="False" />
              </lines>
            </method>
            <method name="get_State" signature="()" line-rate="1" branch-rate="1" complexity="1">
              <lines>
                <line number="59" hits="146" branch="False" />
              </lines>
            </method>
            <method name="AcquireDataHandle" signature="()" line-rate="1" branch-rate="1" complexity="1">
              <lines>
                <line number="72" hits="2" branch="False" />
                <line number="73" hits="2" branch="False" />
                <line number="74" hits="2" branch="False" />
              </lines>
            </method>
            <method name="AcquireDataSpanHandle" signature="()" line-rate="1" branch-rate="1" complexity="1">
              <lines>
                <line number="78" hits="7" branch="False" />
                <line number="79" hits="7" branch="False" />
                <line number="80" hits="7" branch="False" />
              </lines>
            </method>
            <method name="Close" signature="()" line-rate="1" branch-rate="1" complexity="6">
              <lines>
                <line number="84" hits="4" branch="False" />
                <line number="85" hits="4" branch="False" />
                <line number="87" hits="3" branch="True" condition-coverage="100% (4/4)">
                  <conditions>
                    <condition number="20" type="jump" coverage="100%" />
                    <condition number="36" type="jump" coverage="100%" />
                  </conditions>
                </line>
                <line number="88" hits="1" branch="False" />
                <line number="89" hits="1" branch="False" />
                <line number="90" hits="1" branch="False" />
                <line number="93" hits="2" branch="True" condition-coverage="100% (2/2)">
                  <conditions>
                    <condition number="169" type="jump" coverage="100%" />
                  </conditions>
                </line>
                <line number="94" hits="1" branch="False" />
                <line number="95" hits="1" branch="False" />
                <line number="99" hits="1" branch="False" />
                <line number="100" hits="2" branch="False" />
              </lines>
            </method>
            <method name="CreateDataReader" signature="()" line-rate="1" branch-rate="1" complexity="2">
              <lines>
                <line number="104" hits="3" branch="False" />
                <line number="105" hits="3" branch="False" />
                <line number="107" hits="2" branch="True" condition-coverage="100% (2/2)">
                  <conditions>
                    <condition number="28" type="jump" coverage="100%" />
                  </conditions>
                </line>
                <line number="108" hits="1" branch="False" />
                <line number="109" hits="1" branch="False" />
                <line number="112" hits="1" branch="False" />
                <line number="113" hits="1" branch="False" />
              </lines>
            </method>
            <method name="Dispose" signature="()" line-rate="1" branch-rate="1" complexity="1">
              <lines>
                <line number="119" hits="9" branch="False" />
                <line number="120" hits="9" branch="False" />
                <line number="121" hits="9" branch="False" />
                <line number="122" hits="9" branch="False" />
              </lines>
            </method>
            <method name="NotifyTelemetryVariableActivated" signature="(System.String,System.Action`1&lt;SharpRacer.Telemetry.TelemetryVariableInfo&gt;)" line-rate="1" branch-rate="1" complexity="1">
              <lines>
                <line number="127" hits="5" branch="False" />
                <line number="128" hits="5" branch="False" />
                <line number="130" hits="4" branch="False" />
                <line number="131" hits="2" branch="False" />
                <line number="133" hits="1" branch="False" />
                <line number="134" hits="1" branch="False" />
              </lines>
            </method>
            <method name="Open" signature="()" line-rate="1" branch-rate="1" complexity="1">
              <lines>
                <line number="138" hits="23" branch="False" />
                <line number="139" hits="23" branch="False" />
                <line number="140" hits="19" branch="False" />
              </lines>
            </method>
            <method name="Open" signature="(System.TimeSpan)" line-rate="1" branch-rate="1" complexity="6">
              <lines>
                <line number="144" hits="25" branch="False" />
                <line number="145" hits="25" branch="False" />
                <line number="147" hits="23" branch="True" condition-coverage="100% (2/2)">
                  <conditions>
                    <condition number="25" type="jump" coverage="100%" />
                  </conditions>
                </line>
                <line number="148" hits="1" branch="False" />
                <line number="149" hits="1" branch="False" />
                <line number="152" hits="22" branch="True" condition-coverage="100% (2/2)">
                  <conditions>
                    <condition number="41" type="jump" coverage="100%" />
                  </conditions>
                </line>
                <line number="153" hits="1" branch="False" />
                <line number="154" hits="1" branch="False" />
                <line number="157" hits="21" branch="True" condition-coverage="100% (2/2)">
                  <conditions>
                    <condition number="72" type="jump" coverage="100%" />
                  </conditions>
                </line>
                <line number="158" hits="1" branch="False" />
                <line number="159" hits="1" branch="False" />
                <line number="163" hits="20" branch="False" />
                <line number="165" hits="20" branch="False" />
                <line number="166" hits="20" branch="False" />
                <line number="168" hits="20" branch="False" />
                <line number="169" hits="19" branch="False" />
                <line number="170" hits="1" branch="False" />
                <line number="171" hits="1" branch="False" />
                <line number="172" hits="1" branch="False" />
                <line number="174" hits="1" branch="False" />
                <line number="176" hits="19" branch="False" />
                <line number="178" hits="20" branch="False" />
                <line number="179" hits="20" branch="False" />
                <line number="180" hits="20" branch="False" />
                <line number="181" hits="20" branch="False" />
              </lines>
            </method>
            <method name="OpenAsync" signature="(System.Threading.CancellationToken)" line-rate="1" branch-rate="1" complexity="1">
              <lines>
                <line number="185" hits="11" branch="False" />
                <line number="186" hits="11" branch="False" />
                <line number="187" hits="11" branch="False" />
              </lines>
            </method>
            <method name="WaitForDataReady" signature="()" line-rate="1" branch-rate="1" complexity="4">
              <lines>
                <line number="234" hits="4" branch="False" />
                <line number="235" hits="4" branch="False" />
                <line number="237" hits="3" branch="True" condition-coverage="100% (4/4)">
                  <conditions>
                    <condition number="21" type="jump" coverage="100%" />
                    <condition number="47" type="jump" coverage="100%" />
                  </conditions>
                </line>
                <line number="238" hits="2" branch="False" />
                <line number="239" hits="2" branch="False" />
                <line number="243" hits="1" branch="False" />
                <line number="244" hits="3" branch="False" />
              </lines>
            </method>
            <method name="Dispose" signature="(System.Boolean)" line-rate="1" branch-rate="1" complexity="4">
              <lines>
                <line number="270" hits="9" branch="False" />
                <line number="271" hits="9" branch="True" condition-coverage="100% (2/2)">
                  <conditions>
                    <condition number="12" type="jump" coverage="100%" />
                  </conditions>
                </line>
                <line number="272" hits="9" branch="False" />
                <line number="273" hits="9" branch="False" />
                <line number="275" hits="9" branch="True" condition-coverage="100% (2/2)">
                  <conditions>
                    <condition number="25" type="jump" coverage="100%" />
                  </conditions>
                </line>
                <line number="276" hits="9" branch="False" />
                <line number="277" hits="9" branch="False" />
                <line number="278" hits="9" branch="False" />
                <line number="280" hits="9" branch="False" />
                <line number="282" hits="9" branch="False" />
                <line number="283" hits="9" branch="False" />
                <line number="284" hits="9" branch="False" />
                <line number="285" hits="9" branch="False" />
                <line number="286" hits="9" branch="False" />
              </lines>
            </method>
            <method name="SetState" signature="(SharpRacer.SimulatorConnectionState)" line-rate="1" branch-rate="1" complexity="12">
              <lines>
                <line number="289" hits="53" branch="False" />
                <line number="290" hits="53" branch="False" />
                <line number="292" hits="53" branch="True" condition-coverage="100% (2/2)">
                  <conditions>
                    <condition number="23" type="jump" coverage="100%" />
                  </conditions>
                </line>
                <line number="293" hits="53" branch="False" />
                <line number="294" hits="53" branch="True" condition-coverage="100% (2/2)">
                  <conditions>
                    <condition number="33" type="jump" coverage="100%" />
                  </conditions>
                </line>
                <line number="296" hits="53" branch="True" condition-coverage="100% (2/2)">
                  <conditions>
                    <condition number="58" type="jump" coverage="100%" />
                  </conditions>
                </line>
                <line number="297" hits="5" branch="False" />
                <line number="298" hits="5" branch="True" condition-coverage="100% (2/2)">
                  <conditions>
                    <condition number="68" type="jump" coverage="100%" />
                  </conditions>
                </line>
                <line number="299" hits="5" branch="False" />
                <line number="300" hits="48" branch="True" condition-coverage="100% (2/2)">
                  <conditions>
                    <condition number="94" type="jump" coverage="100%" />
                  </conditions>
                </line>
                <line number="301" hits="19" branch="False" />
                <line number="302" hits="19" branch="True" condition-coverage="100% (2/2)">
                  <conditions>
                    <condition number="104" type="jump" coverage="100%" />
                  </conditions>
                </line>
                <line number="303" hits="19" branch="False" />
                <line number="304" hits="53" branch="False" />
                <line number="305" hits="53" branch="False" />
              </lines>
            </method>
            <method name="SharpRacer.Internal.Connections.IOuterConnection.SetClosedInnerConnection" signature="(SharpRacer.Internal.Connections.IInnerConnection)" line-rate="1" branch-rate="1" complexity="2">
              <lines>
                <line number="308" hits="6" branch="False" />
                <line number="312" hits="6" branch="True" condition-coverage="100% (2/2)">
                  <conditions>
                    <condition number="9" type="jump" coverage="100%" />
                  </conditions>
                </line>
                <line number="313" hits="1" branch="False" />
                <line number="314" hits="1" branch="False" />
                <line number="317" hits="5" branch="False" />
                <line number="320" hits="5" branch="False" />
                <line number="322" hits="5" branch="False" />
                <line number="324" hits="5" branch="False" />
                <line number="326" hits="5" branch="False" />
                <line number="327" hits="5" branch="False" />
                <line number="329" hits="5" branch="False" />
                <line number="330" hits="5" branch="False" />
                <line number="331" hits="5" branch="False" />
                <line number="332" hits="6" branch="False" />
              </lines>
            </method>
            <method name="SharpRacer.Internal.Connections.IOuterConnection.SetOpenInnerConnection" signature="(SharpRacer.Internal.Connections.IOpenInnerConnection)" line-rate="1" branch-rate="1" complexity="4">
              <lines>
                <line number="335" hits="21" branch="False" />
                <line number="338" hits="21" branch="True" condition-coverage="100% (2/2)">
                  <conditions>
                    <condition number="9" type="jump" coverage="100%" />
                  </conditions>
                </line>
                <line number="339" hits="1" branch="False" />
                <line number="340" hits="1" branch="False" />
                <line number="343" hits="20" branch="False" />
                <line number="346" hits="20" branch="False" />
                <line number="347" hits="20" branch="True" condition-coverage="100% (2/2)">
                  <conditions>
                    <condition number="41" type="jump" coverage="100%" />
                  </conditions>
                </line>
                <line number="348" hits="1" branch="False" />
                <line number="349" hits="1" branch="False" />
                <line number="352" hits="19" branch="False" />
                <line number="354" hits="19" branch="False" />
                <line number="356" hits="19" branch="False" />
                <line number="357" hits="19" branch="False" />
                <line number="359" hits="20" branch="False" />
                <line number="360" hits="20" branch="False" />
                <line number="361" hits="20" branch="False" />
                <line number="362" hits="21" branch="False" />
              </lines>
            </method>
            <method name=".ctor" signature="()" line-rate="1" branch-rate="1" complexity="1">
              <lines>
                <line number="28" hits="12" branch="False" />
                <line number="29" hits="12" branch="False" />
                <line number="31" hits="12" branch="False" />
              </lines>
            </method>
            <method name=".ctor" signature="(SharpRacer.Internal.Connections.IConnectionManager,SharpRacer.Internal.IConnectionTelemetryVariableInfoProvider,SharpRacer.Internal.Connections.IConnectionCancellationTokenSource)" line-rate="1" branch-rate="1" complexity="6">
              <lines>
                <line number="33" hits="53" branch="False" />
                <line number="34" hits="53" branch="False" />
                <line number="35" hits="53" branch="False" />
                <line number="36" hits="53" branch="False" />
                <line number="37" hits="53" branch="False" />
                <line number="38" hits="53" branch="True" condition-coverage="100% (2/2)">
                  <conditions>
                    <condition number="11" type="jump" coverage="100%" />
                  </conditions>
                </line>
                <line number="39" hits="52" branch="True" condition-coverage="100% (2/2)">
                  <conditions>
                    <condition number="33" type="jump" coverage="100%" />
                  </conditions>
                </line>
                <line number="40" hits="51" branch="True" condition-coverage="100% (2/2)">
                  <conditions>
                    <condition number="55" type="jump" coverage="100%" />
                  </conditions>
                </line>
                <line number="42" hits="50" branch="False" />
                <line number="43" hits="50" branch="False" />
                <line number="45" hits="50" branch="False" />
                <line number="46" hits="50" branch="False" />
                <line number="47" hits="50" branch="False" />
              </lines>
            </method>
          </methods>
          <lines>
            <line number="52" hits="2" branch="False" />
            <line number="56" hits="2" branch="False" />
            <line number="59" hits="146" branch="False" />
            <line number="72" hits="2" branch="False" />
            <line number="73" hits="2" branch="False" />
            <line number="74" hits="2" branch="False" />
            <line number="78" hits="7" branch="False" />
            <line number="79" hits="7" branch="False" />
            <line number="80" hits="7" branch="False" />
            <line number="84" hits="4" branch="False" />
            <line number="85" hits="4" branch="False" />
            <line number="87" hits="3" branch="True" condition-coverage="100% (4/4)">
              <conditions>
                <condition number="20" type="jump" coverage="100%" />
                <condition number="36" type="jump" coverage="100%" />
              </conditions>
            </line>
            <line number="88" hits="1" branch="False" />
            <line number="89" hits="1" branch="False" />
            <line number="90" hits="1" branch="False" />
            <line number="93" hits="2" branch="True" condition-coverage="100% (2/2)">
              <conditions>
                <condition number="169" type="jump" coverage="100%" />
              </conditions>
            </line>
            <line number="94" hits="1" branch="False" />
            <line number="95" hits="1" branch="False" />
            <line number="99" hits="1" branch="False" />
            <line number="100" hits="2" branch="False" />
            <line number="104" hits="3" branch="False" />
            <line number="105" hits="3" branch="False" />
            <line number="107" hits="2" branch="True" condition-coverage="100% (2/2)">
              <conditions>
                <condition number="28" type="jump" coverage="100%" />
              </conditions>
            </line>
            <line number="108" hits="1" branch="False" />
            <line number="109" hits="1" branch="False" />
            <line number="112" hits="1" branch="False" />
            <line number="113" hits="1" branch="False" />
            <line number="119" hits="9" branch="False" />
            <line number="120" hits="9" branch="False" />
            <line number="121" hits="9" branch="False" />
            <line number="122" hits="9" branch="False" />
            <line number="127" hits="5" branch="False" />
            <line number="128" hits="5" branch="False" />
            <line number="130" hits="4" branch="False" />
            <line number="131" hits="2" branch="False" />
            <line number="133" hits="1" branch="False" />
            <line number="134" hits="1" branch="False" />
            <line number="138" hits="23" branch="False" />
            <line number="139" hits="23" branch="False" />
            <line number="140" hits="19" branch="False" />
            <line number="144" hits="25" branch="False" />
            <line number="145" hits="25" branch="False" />
            <line number="147" hits="23" branch="True" condition-coverage="100% (2/2)">
              <conditions>
                <condition number="25" type="jump" coverage="100%" />
              </conditions>
            </line>
            <line number="148" hits="1" branch="False" />
            <line number="149" hits="1" branch="False" />
            <line number="152" hits="22" branch="True" condition-coverage="100% (2/2)">
              <conditions>
                <condition number="41" type="jump" coverage="100%" />
              </conditions>
            </line>
            <line number="153" hits="1" branch="False" />
            <line number="154" hits="1" branch="False" />
            <line number="157" hits="21" branch="True" condition-coverage="100% (2/2)">
              <conditions>
                <condition number="72" type="jump" coverage="100%" />
              </conditions>
            </line>
            <line number="158" hits="1" branch="False" />
            <line number="159" hits="1" branch="False" />
            <line number="163" hits="20" branch="False" />
            <line number="165" hits="20" branch="False" />
            <line number="166" hits="20" branch="False" />
            <line number="168" hits="20" branch="False" />
            <line number="169" hits="19" branch="False" />
            <line number="170" hits="1" branch="False" />
            <line number="171" hits="1" branch="False" />
            <line number="172" hits="1" branch="False" />
            <line number="174" hits="1" branch="False" />
            <line number="176" hits="19" branch="False" />
            <line number="178" hits="20" branch="False" />
            <line number="179" hits="20" branch="False" />
            <line number="180" hits="20" branch="False" />
            <line number="181" hits="20" branch="False" />
            <line number="185" hits="11" branch="False" />
            <line number="186" hits="11" branch="False" />
            <line number="187" hits="11" branch="False" />
            <line number="234" hits="4" branch="False" />
            <line number="235" hits="4" branch="False" />
            <line number="237" hits="3" branch="True" condition-coverage="100% (4/4)">
              <conditions>
                <condition number="21" type="jump" coverage="100%" />
                <condition number="47" type="jump" coverage="100%" />
              </conditions>
            </line>
            <line number="238" hits="2" branch="False" />
            <line number="239" hits="2" branch="False" />
            <line number="243" hits="1" branch="False" />
            <line number="244" hits="3" branch="False" />
            <line number="270" hits="9" branch="False" />
            <line number="271" hits="9" branch="True" condition-coverage="100% (2/2)">
              <conditions>
                <condition number="12" type="jump" coverage="100%" />
              </conditions>
            </line>
            <line number="272" hits="9" branch="False" />
            <line number="273" hits="9" branch="False" />
            <line number="275" hits="9" branch="True" condition-coverage="100% (2/2)">
              <conditions>
                <condition number="25" type="jump" coverage="100%" />
              </conditions>
            </line>
            <line number="276" hits="9" branch="False" />
            <line number="277" hits="9" branch="False" />
            <line number="278" hits="9" branch="False" />
            <line number="280" hits="9" branch="False" />
            <line number="282" hits="9" branch="False" />
            <line number="283" hits="9" branch="False" />
            <line number="284" hits="9" branch="False" />
            <line number="285" hits="9" branch="False" />
            <line number="286" hits="9" branch="False" />
            <line number="289" hits="53" branch="False" />
            <line number="290" hits="53" branch="False" />
[...]
            <line number="24" hits="0" branch="False" />
            <line number="25" hits="0" branch="False" />
            <line number="27" hits="0" branch="False" />
            <line number="28" hits="0" branch="False" />
            <line number="31" hits="0" branch="False" />
            <line number="32" hits="0" branch="False" />
            <line number="33" hits="0" branch="False" />
            <line number="9" hits="0" branch="False" />
            <line number="10" hits="0" branch="False" />
            <line number="11" hits="0" branch="False" />
            <line number="13" hits="0" branch="False" />
            <line number="14" hits="0" branch="False" />
            <line number="15" hits="0" branch="False" />
            <line number="16" hits="0" branch="False" />
          </lines>
        </class>
        <class name="SharpRacer.Testing.IO.TelemetryBufferSpan" filename="D:\a\SharpRacer\SharpRacer\src\tests\SharpRacer.Testing\IO\TelemetryBufferSpan.cs" line-rate="0" branch-rate="0" complexity="6">
          <methods>
            <method name="get_Index" signature="()" line-rate="0" branch-rate="1" complexity="1">
              <lines>
                <line number="18" hits="0" branch="False" />
              </lines>
            </method>
            <method name="get_Span" signature="()" line-rate="0" branch-rate="1" complexity="1">
              <lines>
                <line number="19" hits="0" branch="False" />
              </lines>
            </method>
            <method name="Clear" signature="()" line-rate="0" branch-rate="1" complexity="1">
              <lines>
                <line number="22" hits="0" branch="False" />
                <line number="23" hits="0" branch="False" />
                <line number="24" hits="0" branch="False" />
              </lines>
            </method>
            <method name="SetValue" signature="(SharpRacer.Telemetry.TelemetryVariableInfo,T)" line-rate="0" branch-rate="0" complexity="2">
              <lines>
                <line number="28" hits="0" branch="False" />
                <line number="29" hits="0" branch="False" />
                <line number="31" hits="0" branch="True" condition-coverage="0% (0/2)">
                  <conditions>
                    <condition number="29" type="jump" coverage="0%" />
                  </conditions>
                </line>
                <line number="32" hits="0" branch="False" />
                <line number="33" hits="0" branch="False" />
                <line number="34" hits="0" branch="False" />
                <line number="35" hits="0" branch="False" />
                <line number="38" hits="0" branch="False" />
                <line number="40" hits="0" branch="False" />
                <line number="41" hits="0" branch="False" />
              </lines>
            </method>
            <method name=".ctor" signature="(System.Int32,System.Span`1&lt;System.Byte&gt;)" line-rate="0" branch-rate="1" complexity="1">
              <lines>
                <line number="9" hits="0" branch="False" />
                <line number="10" hits="0" branch="False" />
                <line number="14" hits="0" branch="False" />
                <line number="15" hits="0" branch="False" />
                <line number="16" hits="0" branch="False" />
              </lines>
            </method>
          </methods>
          <lines>
            <line number="18" hits="0" branch="False" />
            <line number="19" hits="0" branch="False" />
            <line number="22" hits="0" branch="False" />
            <line number="23" hits="0" branch="False" />
            <line number="24" hits="0" branch="False" />
            <line number="28" hits="0" branch="False" />
            <line number="29" hits="0" branch="False" />
            <line number="31" hits="0" branch="True" condition-coverage="0% (0/2)">
              <conditions>
                <condition number="29" type="jump" coverage="0%" />
              </conditions>
            </line>
            <line number="32" hits="0" branch="False" />
            <line number="33" hits="0" branch="False" />
            <line number="34" hits="0" branch="False" />
            <line number="35" hits="0" branch="False" />
            <line number="38" hits="0" branch="False" />
            <line number="40" hits="0" branch="False" />
            <line number="41" hits="0" branch="False" />
            <line number="9" hits="0" branch="False" />
            <line number="10" hits="0" branch="False" />
            <line number="14" hits="0" branch="False" />
            <line number="15" hits="0" branch="False" />
            <line number="16" hits="0" branch="False" />
          </lines>
        </class>
        <class name="SharpRacer.Testing.IO.Builders.DataFileMemoryBuilder" filename="D:\a\SharpRacer\SharpRacer\src\tests\SharpRacer.Testing\IO\Builders\DataFileMemoryBuilder.cs" line-rate="0.8529000000000001" branch-rate="0.5" complexity="9">
          <methods>
            <method name="get_Size" signature="()" line-rate="0" branch-rate="1" complexity="1">
              <lines>
                <line number="23" hits="0" branch="False" />
              </lines>
            </method>
            <method name="ConfigureSessionInfoStringMaxLength" signature="(System.Int32)" line-rate="0" branch-rate="1" complexity="1">
              <lines>
                <line number="26" hits="0" branch="False" />
                <line number="27" hits="0" branch="False" />
                <line number="29" hits="0" branch="False" />
                <line number="31" hits="0" branch="False" />
                <line number="32" hits="0" branch="False" />
              </lines>
            </method>
            <method name="ConfigureVariables" signature="(System.Collections.Generic.IEnumerable`1&lt;SharpRacer.Interop.TelemetryVariableHeader&gt;)" line-rate="1" branch-rate="1" complexity="2">
              <lines>
                <line number="35" hits="6" branch="False" />
                <line number="36" hits="6" branch="False" />
                <line number="38" hits="126" branch="True" condition-coverage="100% (2/2)">
                  <conditions>
                    <condition number="87" type="jump" coverage="100%" />
                  </conditions>
                </line>
                <line number="39" hits="36" branch="False" />
                <line number="40" hits="36" branch="False" />
                <line number="41" hits="36" branch="False" />
                <line number="43" hits="6" branch="False" />
                <line number="44" hits="6" branch="False" />
              </lines>
            </method>
            <method name="ConfigureVariables" signature="(System.Action`1&lt;SharpRacer.Testing.IO.Builders.IDataFileVariablesBuilder&gt;)" line-rate="0" branch-rate="0" complexity="2">
              <lines>
                <line number="47" hits="0" branch="False" />
                <line number="48" hits="0" branch="True" condition-coverage="0% (0/2)">
                  <conditions>
                    <condition number="2" type="jump" coverage="0%" />
                  </conditions>
                </line>
                <line number="50" hits="0" branch="False" />
                <line number="51" hits="0" branch="False" />
              </lines>
            </method>
            <method name="ToDataFile" signature="()" line-rate="1" branch-rate="1" complexity="1">
              <lines>
                <line number="54" hits="6" branch="False" />
                <line number="55" hits="6" branch="False" />
                <line number="56" hits="6" branch="False" />
                <line number="58" hits="6" branch="False" />
                <line number="59" hits="6" branch="False" />
                <line number="60" hits="6" branch="False" />
                <line number="62" hits="42" branch="False" />
                <line number="63" hits="6" branch="False" />
                <line number="65" hits="6" branch="False" />
                <line number="66" hits="6" branch="False" />
                <line number="67" hits="6" branch="False" />
                <line number="68" hits="6" branch="False" />
                <line number="69" hits="6" branch="False" />
                <line number="70" hits="6" branch="False" />
                <line number="71" hits="6" branch="False" />
                <line number="73" hits="6" branch="False" />
                <line number="74" hits="6" branch="False" />
                <line number="75" hits="6" branch="False" />
                <line number="76" hits="6" branch="False" />
                <line number="77" hits="6" branch="False" />
                <line number="78" hits="6" branch="False" />
                <line number="79" hits="6" branch="False" />
                <line number="80" hits="6" branch="False" />
                <line number="81" hits="6" branch="False" />
                <line number="82" hits="6" branch="False" />
                <line number="83" hits="6" branch="False" />
                <line number="84" hits="6" branch="False" />
                <line number="86" hits="6" branch="False" />
                <line number="89" hits="6" branch="False" />
                <line number="90" hits="6" branch="False" />
                <line number="91" hits="6" branch="False" />
                <line number="93" hits="6" branch="False" />
                <line number="94" hits="6" branch="False" />
              </lines>
            </method>
            <method name="GetDataFileSize" signature="()" line-rate="1" branch-rate="1" complexity="1">
              <lines>
                <line number="97" hits="6" branch="False" />
                <line number="98" hits="42" branch="False" />
                <line number="99" hits="6" branch="False" />
                <line number="101" hits="6" branch="False" />
                <line number="103" hits="6" branch="False" />
                <line number="104" hits="6" branch="False" />
                <line number="106" hits="6" branch="False" />
                <line number="107" hits="6" branch="False" />
                <line number="108" hits="6" branch="False" />
                <line number="109" hits="6" branch="False" />
                <line number="110" hits="6" branch="False" />
              </lines>
            </method>
            <method name=".ctor" signature="()" line-rate="1" branch-rate="1" complexity="1">
              <lines>
                <line number="14" hits="6" branch="False" />
                <line number="15" hits="6" branch="False" />
                <line number="16" hits="6" branch="False" />
                <line number="18" hits="6" branch="False" />
                <line number="20" hits="6" branch="False" />
                <line number="21" hits="6" branch="False" />
              </lines>
            </method>
          </methods>
          <lines>
            <line number="23" hits="0" branch="False" />
            <line number="26" hits="0" branch="False" />
            <line number="27" hits="0" branch="False" />
            <line number="29" hits="0" branch="False" />
            <line number="31" hits="0" branch="False" />
            <line number="32" hits="0" branch="False" />
            <line number="35" hits="6" branch="False" />
            <line number="36" hits="6" branch="False" />
            <line number="38" hits="126" branch="True" condition-coverage="100% (2/2)">
              <conditions>
                <condition number="87" type="jump" coverage="100%" />
              </conditions>
            </line>
            <line number="39" hits="36" branch="False" />
            <line number="40" hits="36" branch="False" />
            <line number="41" hits="36" branch="False" />
            <line number="43" hits="6" branch="False" />
            <line number="44" hits="6" branch="False" />
            <line number="47" hits="0" branch="False" />
            <line number="48" hits="0" branch="True" condition-coverage="0% (0/2)">
              <conditions>
                <condition number="2" type="jump" coverage="0%" />
              </conditions>
            </line>
            <line number="50" hits="0" branch="False" />
            <line number="51" hits="0" branch="False" />
            <line number="54" hits="6" branch="False" />
            <line number="55" hits="6" branch="False" />
            <line number="56" hits="6" branch="False" />
            <line number="58" hits="6" branch="False" />
            <line number="59" hits="6" branch="False" />
            <line number="60" hits="6" branch="False" />
            <line number="62" hits="42" branch="False" />
            <line number="63" hits="6" branch="False" />
            <line number="65" hits="6" branch="False" />
            <line number="66" hits="6" branch="False" />
            <line number="67" hits="6" branch="False" />
            <line number="68" hits="6" branch="False" />
            <line number="69" hits="6" branch="False" />
            <line number="70" hits="6" branch="False" />
            <line number="71" hits="6" branch="False" />
            <line number="73" hits="6" branch="False" />
            <line number="74" hits="6" branch="False" />
            <line number="75" hits="6" branch="False" />
            <line number="76" hits="6" branch="False" />
            <line number="77" hits="6" branch="False" />
            <line number="78" hits="6" branch="False" />
            <line number="79" hits="6" branch="False" />
            <line number="80" hits="6" branch="False" />
            <line number="81" hits="6" branch="False" />
            <line number="82" hits="6" branch="False" />
            <line number="83" hits="6" branch="False" />
            <line number="84" hits="6" branch="False" />
            <line number="86" hits="6" branch="False" />
            <line number="89" hits="6" branch="False" />
            <line number="90" hits="6" branch="False" />
            <line number="91" hits="6" branch="False" />
            <line number="93" hits="6" branch="False" />
            <line number="94" hits="6" branch="False" />
            <line number="97" hits="6" branch="False" />
            <line number="98" hits="42" branch="False" />
            <line number="99" hits="6" branch="False" />
            <line number="101" hits="6" branch="False" />
            <line number="103" hits="6" branch="False" />
            <line number="104" hits="6" branch="False" />
            <line number="106" hits="6" branch="False" />
            <line number="107" hits="6" branch="False" />
            <line number="108" hits="6" branch="False" />
            <line number="109" hits="6" branch="False" />
            <line number="110" hits="6" branch="False" />
            <line number="14" hits="6" branch="False" />
            <line number="15" hits="6" branch="False" />
            <line number="16" hits="6" branch="False" />
            <line number="18" hits="6" branch="False" />
            <line number="20" hits="6" branch="False" />
            <line number="21" hits="6" branch="False" />
          </lines>
        </class>
        <class name="SharpRacer.Testing.IO.Builders.DataFileVariablesBuilder" filename="D:\a\SharpRacer\SharpRacer\src\tests\SharpRacer.Testing\IO\Builders\DataFileVariablesBuilder.cs" line-rate="0.1666" branch-rate="1" complexity="5">
          <methods>
            <method name="Add" signature="(SharpRacer.Telemetry.TelemetryVariableDescriptor)" line-rate="0" branch-rate="1" complexity="1">
              <lines>
                <line number="17" hits="0" branch="False" />
                <line number="18" hits="0" branch="False" />
                <line number="20" hits="0" branch="False" />
                <line number="21" hits="0" branch="False" />
              </lines>
            </method>
            <method name="AddArray" signature="(System.String,System.Int32,System.Boolean,System.String,System.String)" line-rate="0" branch-rate="1" complexity="1">
              <lines>
                <line number="30" hits="0" branch="False" />
                <line number="31" hits="0" branch="False" />
                <line number="32" hits="0" branch="False" />
                <line number="34" hits="0" branch="False" />
                <line number="36" hits="0" branch="False" />
                <line number="37" hits="0" branch="False" />
              </lines>
            </method>
            <method name="AddScalar" signature="(System.String,System.String,System.String)" line-rate="0" branch-rate="1" complexity="1">
              <lines>
                <line number="41" hits="0" branch="False" />
                <line number="42" hits="0" branch="False" />
                <line number="44" hits="0" branch="False" />
                <line number="45" hits="0" branch="False" />
              </lines>
            </method>
            <method name="Add" signature="(System.String,SharpRacer.Telemetry.TelemetryVariableValueType,System.Int32,System.Boolean,System.String,System.String)" line-rate="0" branch-rate="1" complexity="1">
              <lines>
                <line number="54" hits="0" branch="False" />
                <line number="55" hits="0" branch="False" />
                <line number="56" hits="0" branch="False" />
                <line number="58" hits="0" branch="False" />
                <line number="60" hits="0" branch="False" />
                <line number="61" hits="0" branch="False" />
              </lines>
            </method>
            <method name=".ctor" signature="(System.Collections.Generic.List`1&lt;SharpRacer.Interop.TelemetryVariableHeader&gt;)" line-rate="1" branch-rate="1" complexity="1">
              <lines>
                <line number="11" hits="6" branch="False" />
                <line number="12" hits="6" branch="False" />
                <line number="13" hits="6" branch="False" />
                <line number="14" hits="6" branch="False" />
              </lines>
            </method>
          </methods>
          <lines>
            <line number="17" hits="0" branch="False" />
            <line number="18" hits="0" branch="False" />
            <line number="20" hits="0" branch="False" />
            <line number="21" hits="0" branch="False" />
            <line number="30" hits="0" branch="False" />
            <line number="31" hits="0" branch="False" />
            <line number="32" hits="0" branch="False" />
            <line number="34" hits="0" branch="False" />
            <line number="36" hits="0" branch="False" />
            <line number="37" hits="0" branch="False" />
            <line number="41" hits="0" branch="False" />
            <line number="42" hits="0" branch="False" />
            <line number="44" hits="0" branch="False" />
            <line number="45" hits="0" branch="False" />
            <line number="54" hits="0" branch="False" />
            <line number="55" hits="0" branch="False" />
            <line number="56" hits="0" branch="False" />
            <line number="58" hits="0" branch="False" />
            <line number="60" hits="0" branch="False" />
            <line number="61" hits="0" branch="False" />
            <line number="11" hits="6" branch="False" />
            <line number="12" hits="6" branch="False" />
            <line number="13" hits="6" branch="False" />
            <line number="14" hits="6" branch="False" />
          </lines>
        </class>
      </classes>
    </package>
  </packages>
</coverage>